0 info it worked if it ends with ok
1 verbose cli [ 'node', '/usr/local/bin/npm', 'install' ]
2 info using npm@3.3.12
3 info using node@v0.12.0
4 silly loadCurrentTree Starting
5 silly install loadCurrentTree
6 silly install readLocalPackageData
7 silly install normalizeTree
8 silly loadCurrentTree Finishing
9 silly loadIdealTree Starting
10 silly install loadIdealTree
11 silly cloneCurrentTree Starting
12 silly install cloneCurrentTreeToIdealTree
13 silly cloneCurrentTree Finishing
14 silly loadShrinkwrap Starting
15 silly install loadShrinkwrap
16 silly loadShrinkwrap Finishing
17 silly loadAllDepsIntoIdealTree Starting
18 silly install loadAllDepsIntoIdealTree
19 silly fetchNamedPackageData socket
20 silly mapToRegistry name socket
21 silly mapToRegistry using default registry
22 silly mapToRegistry registry https://registry.npmjs.org/
23 silly mapToRegistry uri https://registry.npmjs.org/socket
24 verbose request uri https://registry.npmjs.org/socket
25 verbose request no auth needed
26 info attempt registry request try #1 at 2:08:54 PM
27 verbose request id 3df649e2fdda4386
28 verbose etag "368QAD6FWDSRRSF0K2VF00IA6"
29 http request GET https://registry.npmjs.org/socket
30 http 304 https://registry.npmjs.org/socket
31 verbose headers { date: 'Wed, 16 Dec 2015 20:08:55 GMT',
31 verbose headers   via: '1.1 varnish',
31 verbose headers   'cache-control': 'max-age=300',
31 verbose headers   etag: '"368QAD6FWDSRRSF0K2VF00IA6"',
31 verbose headers   age: '23',
31 verbose headers   connection: 'keep-alive',
31 verbose headers   'x-served-by': 'cache-ord1731-ORD',
31 verbose headers   'x-cache': 'HIT',
31 verbose headers   'x-cache-hits': '1',
31 verbose headers   'x-timer': 'S1450296535.520697,VS0,VE0',
31 verbose headers   vary: 'Accept' }
32 silly get cb [ 304,
32 silly get   { date: 'Wed, 16 Dec 2015 20:08:55 GMT',
32 silly get     via: '1.1 varnish',
32 silly get     'cache-control': 'max-age=300',
32 silly get     etag: '"368QAD6FWDSRRSF0K2VF00IA6"',
32 silly get     age: '23',
32 silly get     connection: 'keep-alive',
32 silly get     'x-served-by': 'cache-ord1731-ORD',
32 silly get     'x-cache': 'HIT',
32 silly get     'x-cache-hits': '1',
32 silly get     'x-timer': 'S1450296535.520697,VS0,VE0',
32 silly get     vary: 'Accept' } ]
33 verbose etag https://registry.npmjs.org/socket from cache
34 verbose get saving socket to /Users/gpezanoskicohen/.npm/registry.npmjs.org/socket/.cache.json
35 silly resolveWithNewModule socket@0.0.1 checking installable status
36 warn engine socket@0.0.1: wanted: {"node":">= 0.6.0 < 0.7.0"} (current: {"node":"0.12.0","npm":"3.3.12"})
37 silly cache add args [ 'socket@latest', null ]
38 verbose cache add spec socket@latest
39 silly cache add parsed spec { raw: 'socket@latest',
39 silly cache add   scope: null,
39 silly cache add   name: 'socket',
39 silly cache add   rawSpec: 'latest',
39 silly cache add   spec: 'latest',
39 silly cache add   type: 'tag' }
40 silly addNamed socket@latest
41 verbose addNamed "latest" is being treated as a dist-tag for socket
42 info addNameTag [ 'socket', 'latest' ]
43 silly mapToRegistry name socket
44 silly mapToRegistry using default registry
45 silly mapToRegistry registry https://registry.npmjs.org/
46 silly mapToRegistry uri https://registry.npmjs.org/socket
47 verbose addNameTag registry:https://registry.npmjs.org/socket not in flight; fetching
48 verbose get https://registry.npmjs.org/socket not expired, no request
49 silly addNameTag next cb for socket with tag latest
50 silly addNamed socket@0.0.1
51 verbose addNamed "0.0.1" is a plain semver version for socket
52 silly cache afterAdd socket@0.0.1
53 verbose afterAdd /Users/gpezanoskicohen/.npm/socket/0.0.1/package/package.json not in flight; writing
54 verbose afterAdd /Users/gpezanoskicohen/.npm/socket/0.0.1/package/package.json written
55 silly fetchNamedPackageData microtime
56 silly mapToRegistry name microtime
57 silly mapToRegistry using default registry
58 silly mapToRegistry registry https://registry.npmjs.org/
59 silly mapToRegistry uri https://registry.npmjs.org/microtime
60 verbose request uri https://registry.npmjs.org/microtime
61 verbose request no auth needed
62 info attempt registry request try #1 at 2:08:54 PM
63 verbose etag "643BDRJSWF8XK731HA0S1NGN2"
64 http request GET https://registry.npmjs.org/microtime
65 http 304 https://registry.npmjs.org/microtime
66 verbose headers { date: 'Wed, 16 Dec 2015 20:08:55 GMT',
66 verbose headers   via: '1.1 varnish',
66 verbose headers   'cache-control': 'max-age=300',
66 verbose headers   etag: '"643BDRJSWF8XK731HA0S1NGN2"',
66 verbose headers   age: '23',
66 verbose headers   connection: 'keep-alive',
66 verbose headers   'x-served-by': 'cache-ord1732-ORD',
66 verbose headers   'x-cache': 'HIT',
66 verbose headers   'x-cache-hits': '2',
66 verbose headers   'x-timer': 'S1450296535.668035,VS0,VE0',
66 verbose headers   vary: 'Accept' }
67 silly get cb [ 304,
67 silly get   { date: 'Wed, 16 Dec 2015 20:08:55 GMT',
67 silly get     via: '1.1 varnish',
67 silly get     'cache-control': 'max-age=300',
67 silly get     etag: '"643BDRJSWF8XK731HA0S1NGN2"',
67 silly get     age: '23',
67 silly get     connection: 'keep-alive',
67 silly get     'x-served-by': 'cache-ord1732-ORD',
67 silly get     'x-cache': 'HIT',
67 silly get     'x-cache-hits': '2',
67 silly get     'x-timer': 'S1450296535.668035,VS0,VE0',
67 silly get     vary: 'Accept' } ]
68 verbose etag https://registry.npmjs.org/microtime from cache
69 verbose get saving microtime to /Users/gpezanoskicohen/.npm/registry.npmjs.org/microtime/.cache.json
70 silly resolveWithNewModule microtime@0.2.0 checking installable status
71 silly cache add args [ 'microtime@=0.2.0', null ]
72 verbose cache add spec microtime@=0.2.0
73 silly cache add parsed spec { raw: 'microtime@=0.2.0',
73 silly cache add   scope: null,
73 silly cache add   name: 'microtime',
73 silly cache add   rawSpec: '=0.2.0',
73 silly cache add   spec: '0.2.0',
73 silly cache add   type: 'version' }
74 silly addNamed microtime@0.2.0
75 verbose addNamed "0.2.0" is a plain semver version for microtime
76 silly mapToRegistry name microtime
77 silly mapToRegistry using default registry
78 silly mapToRegistry registry https://registry.npmjs.org/
79 silly mapToRegistry uri https://registry.npmjs.org/microtime
80 verbose addNameVersion registry:https://registry.npmjs.org/microtime not in flight; fetching
81 verbose get https://registry.npmjs.org/microtime not expired, no request
82 silly cache afterAdd microtime@0.2.0
83 verbose afterAdd /Users/gpezanoskicohen/.npm/microtime/0.2.0/package/package.json not in flight; writing
84 verbose afterAdd /Users/gpezanoskicohen/.npm/microtime/0.2.0/package/package.json written
85 silly loadAllDepsIntoIdealTree Finishing
86 silly idealTree:prePrune GabesGreatGame@
86 silly idealTree:prePrune ├── microtime@0.2.0
86 silly idealTree:prePrune └── socket@0.0.1
87 silly loadIdealTree Finishing
88 silly currentTree GabesGreatGame@
89 silly idealTree GabesGreatGame@
89 silly idealTree ├── microtime@0.2.0
89 silly idealTree └── socket@0.0.1
90 silly generateActionsToTake Starting
91 silly install generateActionsToTake
92 silly generateActionsToTake Finishing
93 silly diffTrees action count 2
94 silly diffTrees add microtime@0.2.0
95 silly diffTrees add socket@0.0.1
96 silly decomposeActions action count 16
97 silly decomposeActions fetch microtime@0.2.0
98 silly decomposeActions extract microtime@0.2.0
99 silly decomposeActions preinstall microtime@0.2.0
100 silly decomposeActions build microtime@0.2.0
101 silly decomposeActions install microtime@0.2.0
102 silly decomposeActions postinstall microtime@0.2.0
103 silly decomposeActions test microtime@0.2.0
104 silly decomposeActions finalize microtime@0.2.0
105 silly decomposeActions fetch socket@0.0.1
106 silly decomposeActions extract socket@0.0.1
107 silly decomposeActions preinstall socket@0.0.1
108 silly decomposeActions build socket@0.0.1
109 silly decomposeActions install socket@0.0.1
110 silly decomposeActions postinstall socket@0.0.1
111 silly decomposeActions test socket@0.0.1
112 silly decomposeActions finalize socket@0.0.1
113 silly executeActions Starting
114 silly install executeActions
115 silly doSerial global-install 0
116 silly doParallel fetch 2
117 verbose lock using /Users/gpezanoskicohen/.npm/_locks/staging-8cfc519646f146f6.lock for /Users/gpezanoskicohen/Documents/learningNode3/node_modules/.staging
118 silly doParallel extract 2
119 silly extract microtime@0.2.0
120 silly extract socket@0.0.1
121 verbose unbuild node_modules/.staging/microtime-6a4b4e8d290ceaad20f85189f15ba26f
122 verbose unbuild node_modules/.staging/socket-d9d29912744fba7a306a000df61871d4
123 silly gentlyRm /Users/gpezanoskicohen/Documents/learningNode3/node_modules/.staging/microtime-6a4b4e8d290ceaad20f85189f15ba26f is being purged from base /Users/gpezanoskicohen/Documents/learningNode3
124 silly gentlyRm /Users/gpezanoskicohen/Documents/learningNode3/node_modules/.staging/socket-d9d29912744fba7a306a000df61871d4 is being purged from base /Users/gpezanoskicohen/Documents/learningNode3
125 verbose gentlyRm don't care about contents; nuking /Users/gpezanoskicohen/Documents/learningNode3/node_modules/.staging/microtime-6a4b4e8d290ceaad20f85189f15ba26f
126 verbose gentlyRm don't care about contents; nuking /Users/gpezanoskicohen/Documents/learningNode3/node_modules/.staging/socket-d9d29912744fba7a306a000df61871d4
127 verbose tar unpack /Users/gpezanoskicohen/.npm/microtime/0.2.0/package.tgz
128 verbose tar unpacking to /Users/gpezanoskicohen/Documents/learningNode3/node_modules/.staging/microtime-6a4b4e8d290ceaad20f85189f15ba26f
129 silly gentlyRm /Users/gpezanoskicohen/Documents/learningNode3/node_modules/.staging/microtime-6a4b4e8d290ceaad20f85189f15ba26f is being purged
130 verbose tar unpack /Users/gpezanoskicohen/.npm/socket/0.0.1/package.tgz
131 verbose tar unpacking to /Users/gpezanoskicohen/Documents/learningNode3/node_modules/.staging/socket-d9d29912744fba7a306a000df61871d4
132 silly gentlyRm /Users/gpezanoskicohen/Documents/learningNode3/node_modules/.staging/socket-d9d29912744fba7a306a000df61871d4 is being purged
133 verbose gentlyRm don't care about contents; nuking /Users/gpezanoskicohen/Documents/learningNode3/node_modules/.staging/microtime-6a4b4e8d290ceaad20f85189f15ba26f
134 verbose gentlyRm don't care about contents; nuking /Users/gpezanoskicohen/Documents/learningNode3/node_modules/.staging/socket-d9d29912744fba7a306a000df61871d4
135 silly gunzTarPerm modes [ '755', '644' ]
136 silly gunzTarPerm modes [ '755', '644' ]
137 silly gunzTarPerm extractEntry index.js
138 silly gunzTarPerm extractEntry examples/
139 silly gunzTarPerm extractEntry LICENSE
140 silly gunzTarPerm extractEntry package.json
141 silly gunzTarPerm extractEntry examples/echo-server.js
142 silly gunzTarPerm extractEntry examples/simple-test.js
143 silly gunzTarPerm extractEntry examples/simple-time-server.js
144 silly gunzTarPerm extractEntry index.js
145 silly gunzTarPerm extractEntry lib/
146 silly gunzTarPerm extractEntry README.md
147 silly gunzTarPerm extractEntry test.js
148 silly gunzTarPerm extractEntry lib/index.js
149 silly gunzTarPerm extractEntry lib/middleware/
150 silly gunzTarPerm extractEntry wscript
151 silly gunzTarPerm extractEntry src/microtime.cc
152 silly gunzTarPerm extractEntry lib/middleware/echo.js
153 silly gunzTarPerm extractEntry lib/middleware/errorHandler.js
154 silly gunzTarPerm extractEntry lib/middleware/json.js
155 silly gunzTarPerm extractEntry lib/middleware/profiler.js
156 silly gunzTarPerm extractEntry lib/proto.js
157 silly gunzTarPerm extractEntry lib/utils.js
158 silly gunzTarPerm extractEntry nbproject/
159 silly gunzTarPerm extractEntry nbproject/private/
160 silly gunzTarPerm extractEntry nbproject/private/private.properties
161 silly gunzTarPerm extractEntry nbproject/project.properties
162 silly gunzTarPerm extractEntry nbproject/project.xml
163 silly gunzTarPerm extractEntry package.json
164 silly gunzTarPerm extractEntry scripts/
165 silly gunzTarPerm extractEntry scripts/lint
166 silly doParallel preinstall 2
167 silly preinstall microtime@0.2.0 /Users/gpezanoskicohen/Documents/learningNode3/node_modules/.staging/microtime-6a4b4e8d290ceaad20f85189f15ba26f
168 info lifecycle microtime@0.2.0~preinstall: microtime@0.2.0
169 silly preinstall socket@0.0.1 /Users/gpezanoskicohen/Documents/learningNode3/node_modules/.staging/socket-d9d29912744fba7a306a000df61871d4
170 info lifecycle socket@0.0.1~preinstall: socket@0.0.1
171 silly lifecycle microtime@0.2.0~preinstall: no script for preinstall, continuing
172 silly lifecycle socket@0.0.1~preinstall: no script for preinstall, continuing
173 silly doReverseSerial remove 0
174 silly doSerial move 0
175 silly doSerial finalize 2
176 silly finalize /Users/gpezanoskicohen/Documents/learningNode3/node_modules/microtime
177 silly finalize /Users/gpezanoskicohen/Documents/learningNode3/node_modules/socket
178 silly doSerial build 2
179 silly build microtime@0.2.0
180 info linkStuff microtime@0.2.0
181 silly linkStuff microtime@0.2.0 has /Users/gpezanoskicohen/Documents/learningNode3/node_modules as its parent node_modules
182 verbose linkBins microtime@0.2.0
183 verbose linkMans microtime@0.2.0
184 silly build socket@0.0.1
185 info linkStuff socket@0.0.1
186 silly linkStuff socket@0.0.1 has /Users/gpezanoskicohen/Documents/learningNode3/node_modules as its parent node_modules
187 verbose linkBins socket@0.0.1
188 verbose linkMans socket@0.0.1
189 silly doSerial global-link 0
190 silly doParallel update-linked 0
191 silly doSerial install 2
192 silly install microtime@0.2.0 /Users/gpezanoskicohen/Documents/learningNode3/node_modules/.staging/microtime-6a4b4e8d290ceaad20f85189f15ba26f
193 info lifecycle microtime@0.2.0~install: microtime@0.2.0
194 verbose lifecycle microtime@0.2.0~install: unsafe-perm in lifecycle true
195 verbose lifecycle microtime@0.2.0~install: PATH: /usr/local/lib/node_modules/npm/bin/node-gyp-bin:/Users/gpezanoskicohen/Documents/learningNode3/node_modules/microtime/node_modules/.bin:/Users/gpezanoskicohen/Documents/learningNode3/node_modules/.bin:/Users/gpezanoskicohen/.rvm/gems/ruby-2.0.0-p598/bin:/Users/gpezanoskicohen/.rvm/gems/ruby-2.0.0-p598@global/bin:/Users/gpezanoskicohen/.rvm/rubies/ruby-2.0.0-p598/bin:/usr/local/bin:/usr/bin:/bin:/usr/sbin:/sbin:/opt/X11/bin:/Library/TeX/texbin:/Users/gpezanoskicohen/.rvm/bin
196 verbose lifecycle microtime@0.2.0~install: CWD: /Users/gpezanoskicohen/Documents/learningNode3/node_modules/microtime
197 silly lifecycle microtime@0.2.0~install: Args: [ '-c', 'node-waf configure build' ]
198 info lifecycle microtime@0.2.0~install: Failed to exec install script
199 verbose unlock done using /Users/gpezanoskicohen/.npm/_locks/staging-8cfc519646f146f6.lock for /Users/gpezanoskicohen/Documents/learningNode3/node_modules/.staging
200 silly rollbackFailedOptional Starting
201 silly rollbackFailedOptional Finishing
202 silly runTopLevelLifecycles Starting
203 silly runTopLevelLifecycles Finishing
204 silly install printInstalled
205 warn EPACKAGEJSON GabesGreatGame@ No description
206 warn EPACKAGEJSON GabesGreatGame@ No repository field.
207 warn EPACKAGEJSON GabesGreatGame@ No license field.
208 verbose stack Error: microtime@0.2.0 install: `node-waf configure build`
208 verbose stack spawn ENOENT
208 verbose stack     at ChildProcess.<anonymous> (/usr/local/lib/node_modules/npm/lib/utils/spawn.js:17:16)
208 verbose stack     at ChildProcess.emit (events.js:110:17)
208 verbose stack     at maybeClose (child_process.js:1008:16)
208 verbose stack     at Process.ChildProcess._handle.onexit (child_process.js:1080:5)
209 verbose pkgid microtime@0.2.0
210 verbose cwd /Users/gpezanoskicohen/Documents/learningNode3
211 error Darwin 14.5.0
212 error argv "node" "/usr/local/bin/npm" "install"
213 error node v0.12.0
214 error npm  v3.3.12
215 error file sh
216 error code ELIFECYCLE
217 error errno ENOENT
218 error syscall spawn
219 error microtime@0.2.0 install: `node-waf configure build`
219 error spawn ENOENT
220 error Failed at the microtime@0.2.0 install script 'node-waf configure build'.
220 error Make sure you have the latest version of node.js and npm installed.
220 error If you do, this is most likely a problem with the microtime package,
220 error not with npm itself.
220 error Tell the author that this fails on your system:
220 error     node-waf configure build
220 error You can get their info via:
220 error     npm owner ls microtime
220 error There is likely additional logging output above.
221 verbose exit [ 1, true ]
